Using pre-set license
Built from '2020.2/release' branch; Version is '2020.2.4f1 (becced5a802b) revision 12504301'; Using compiler version '192528614'; Build Type 'Release'
OS: 'Windows 10 Pro; OS build 19042.928; Version 2009; 64bit' Language: 'fr' Physical Memory: 16348 MB
BatchMode: 1, IsHumanControllingUs: 0, StartBugReporterOnCrash: 0, Is64bit: 1, IsPro: 0

 COMMAND LINE ARGUMENTS:
C:\Program Files\Unity\Hub\Editor\2020.2.4f1\Editor\Unity.exe
-adb2
-batchMode
-noUpm
-name
AssetImportWorker0
-projectPath
C:/Users/Bastien/Desktop/SpaceDoo2/DooSpace/DooSpace
-logFile
Logs/AssetImportWorker0.log
-srvPort
50515
Successfully changed project path to: C:/Users/Bastien/Desktop/SpaceDoo2/DooSpace/DooSpace
C:/Users/Bastien/Desktop/SpaceDoo2/DooSpace/DooSpace
Using Asset Import Pipeline V2.
Refreshing native plugins compatible for Editor in 46.40 ms, found 1 plugins.
Preloading 0 native plugins for Editor in 0.00 ms.
Initialize engine version: 2020.2.4f1 (becced5a802b)
[Subsystems] Discovering subsystems at path C:/Program Files/Unity/Hub/Editor/2020.2.4f1/Editor/Data/Resources/UnitySubsystems
[Subsystems] Discovering subsystems at path C:/Users/Bastien/Desktop/SpaceDoo2/DooSpace/DooSpace/Assets
GfxDevice: creating device client; threaded=0
Direct3D:
    Version:  Direct3D 11.0 [level 11.1]
    Renderer: NVIDIA GeForce GTX 970 (ID=0x13c2)
    Vendor:   
    VRAM:     4043 MB
    Driver:   27.21.14.5671
Initialize mono
Mono path[0] = 'C:/Program Files/Unity/Hub/Editor/2020.2.4f1/Editor/Data/Managed'
Mono path[1] = 'C:/Program Files/Unity/Hub/Editor/2020.2.4f1/Editor/Data/MonoBleedingEdge/lib/mono/unityjit'
Mono config path = 'C:/Program Files/Unity/Hub/Editor/2020.2.4f1/Editor/Data/MonoBleedingEdge/etc'
Using monoOptions --debugger-agent=transport=dt_socket,embedding=1,server=y,suspend=n,address=127.0.0.1:56592
Begin MonoManager ReloadAssembly
Registering precompiled unity dll's ...
Register platform support module: C:/Program Files/Unity/Hub/Editor/2020.2.4f1/Editor/Data/PlaybackEngines/WindowsStandaloneSupport/UnityEditor.WindowsStandalone.Extensions.dll
Registered in 0.002358 seconds.
Native extension for WindowsStandalone target not found
Refreshing native plugins compatible for Editor in 33.95 ms, found 1 plugins.
Preloading 0 native plugins for Editor in 0.00 ms.
Invoked RoslynAnalysisRunner static constructor.
RoslynAnalysisRunner will not be running.
RoslynAnalysisRunner has terminated.
Mono: successfully reloaded assembly
- Completed reload, in  1.870 seconds
Platform modules already initialized, skipping
Registering precompiled user dll's ...
Registered in 0.008720 seconds.
Begin MonoManager ReloadAssembly
Native extension for WindowsStandalone target not found
Refreshing native plugins compatible for Editor in 34.64 ms, found 1 plugins.
Preloading 0 native plugins for Editor in 0.00 ms.
Invoked RoslynAnalysisRunner static constructor.
RoslynAnalysisRunner will not be running.
RoslynAnalysisRunner has terminated.
Mono: successfully reloaded assembly
- Completed reload, in  1.213 seconds
Platform modules already initialized, skipping
========================================================================
Worker process is ready to serve import requests
Launched and connected shader compiler UnityShaderCompiler.exe after 0.05 seconds
Refreshing native plugins compatible for Editor in 0.32 ms, found 1 plugins.
Preloading 0 native plugins for Editor in 0.00 ms.
Unloading 1815 Unused Serialized files (Serialized files now loaded: 0)
System memory in use before: 85.0 MB.
System memory in use after: 85.0 MB.

Unloading 24 unused Assets to reduce memory usage. Loaded Objects now: 2257.
Total: 2.348100 ms (FindLiveObjects: 0.198000 ms CreateObjectMapping: 0.099900 ms MarkObjects: 1.891300 ms  DeleteObjects: 0.158000 ms)

========================================================================
Received Import Request.
  path: Assets/Scripts
  artifactKey: Guid(b2954ea6c01945946a847a967463a732) Importer(815301076,1909f56bfc062723c751e8b465ee728b)
Start importing Assets/Scripts using Guid(b2954ea6c01945946a847a967463a732) Importer(815301076,1909f56bfc062723c751e8b465ee728b)  -> (artifact id: '9e7d97a389a0172d28ae2abacf8eafc6') in 0.011669 seconds
  Import took 0.014506 seconds .

========================================================================
Received Import Request.
  Time since last request: 67.010723 seconds.
  path: Assets/Scripts/Player
  artifactKey: Guid(512d5f4118c64fe4084cfc4ff33b3088) Importer(815301076,1909f56bfc062723c751e8b465ee728b)
Start importing Assets/Scripts/Player using Guid(512d5f4118c64fe4084cfc4ff33b3088) Importer(815301076,1909f56bfc062723c751e8b465ee728b)  -> (artifact id: 'c2691dff85df78b5f8883b2a6fa9cb43') in 0.009304 seconds
  Import took 0.012193 seconds .

========================================================================
Received Import Request.
  Time since last request: 1.107674 seconds.
  path: Assets/Scripts/Player/CharacterManager.cs
  artifactKey: Guid(e2c6f3f3ff22c0d4eab2c4eb87f2d44c) Importer(815301076,1909f56bfc062723c751e8b465ee728b)
Start importing Assets/Scripts/Player/CharacterManager.cs using Guid(e2c6f3f3ff22c0d4eab2c4eb87f2d44c) Importer(815301076,1909f56bfc062723c751e8b465ee728b)  -> (artifact id: '0ecc4df7697de67ebed678f651d4558c') in 0.040630 seconds
  Import took 0.043668 seconds .

========================================================================
Received Import Request.
  Time since last request: 0.042893 seconds.
  path: Assets/Scripts/Player/CharacterManager.cs
  artifactKey: Guid(e2c6f3f3ff22c0d4eab2c4eb87f2d44c) Importer(815301076,1909f56bfc062723c751e8b465ee728b)
Start importing Assets/Scripts/Player/CharacterManager.cs using Guid(e2c6f3f3ff22c0d4eab2c4eb87f2d44c) Importer(815301076,1909f56bfc062723c751e8b465ee728b)  -> (artifact id: '0ecc4df7697de67ebed678f651d4558c') in 0.006629 seconds
  Import took 0.009341 seconds .

========================================================================
Received Import Request.
  Time since last request: 0.837122 seconds.
  path: Assets/Scripts/Player/CharacterMovement.cs
  artifactKey: Guid(d9fa7712f304cf64192160feb42303a0) Importer(815301076,1909f56bfc062723c751e8b465ee728b)
Start importing Assets/Scripts/Player/CharacterMovement.cs using Guid(d9fa7712f304cf64192160feb42303a0) Importer(815301076,1909f56bfc062723c751e8b465ee728b)  -> (artifact id: '01e23a56dd445bb128fb6a5116370280') in 0.006804 seconds
  Import took 0.010089 seconds .

========================================================================
Received Prepare
Registering precompiled user dll's ...
Registered in 0.000994 seconds.
Begin MonoManager ReloadAssembly
Native extension for WindowsStandalone target not found
Refreshing native plugins compatible for Editor in 0.32 ms, found 1 plugins.
Preloading 0 native plugins for Editor in 0.00 ms.
Invoked RoslynAnalysisRunner static constructor.
RoslynAnalysisRunner will not be running.
RoslynAnalysisRunner has terminated.
Mono: successfully reloaded assembly
- Completed reload, in  0.863 seconds
Platform modules already initialized, skipping
Switching build target platform(5) subTarget(0) extendedPlatform(0) -> platform(13) subTarget(537395200) extendedPlatform(0)
Refreshing native plugins compatible for Editor in 0.54 ms, found 1 plugins.
Preloading 0 native plugins for Editor in 0.00 ms.
Unloading 1813 Unused Serialized files (Serialized files now loaded: 0)
System memory in use before: 84.9 MB.
System memory in use after: 84.9 MB.

Unloading 12 unused Assets to reduce memory usage. Loaded Objects now: 2260.
Total: 2.089500 ms (FindLiveObjects: 0.313100 ms CreateObjectMapping: 0.075200 ms MarkObjects: 1.549500 ms  DeleteObjects: 0.150700 ms)

AssetImportParameters requested are different than current active one (requested -> active):
  custom:graphics/normal-map-encoding: 01000000000000000000000000000000 -> 02000000000000000000000000000000
========================================================================
Received Prepare
Registering precompiled user dll's ...
Registered in 0.001408 seconds.
Begin MonoManager ReloadAssembly
Native extension for WindowsStandalone target not found
Refreshing native plugins compatible for Editor in 0.33 ms, found 1 plugins.
Preloading 0 native plugins for Editor in 0.00 ms.
Invoked RoslynAnalysisRunner static constructor.
RoslynAnalysisRunner will not be running.
RoslynAnalysisRunner has terminated.
Mono: successfully reloaded assembly
- Completed reload, in  1.056 seconds
Platform modules already initialized, skipping
Switching build target platform(5) subTarget(0) extendedPlatform(0) -> platform(13) subTarget(537395200) extendedPlatform(0)
Refreshing native plugins compatible for Editor in 0.33 ms, found 1 plugins.
Preloading 0 native plugins for Editor in 0.00 ms.
Unloading 1813 Unused Serialized files (Serialized files now loaded: 0)
System memory in use before: 85.0 MB.
System memory in use after: 84.9 MB.

Unloading 12 unused Assets to reduce memory usage. Loaded Objects now: 2263.
Total: 2.413200 ms (FindLiveObjects: 0.182200 ms CreateObjectMapping: 0.089500 ms MarkObjects: 2.027600 ms  DeleteObjects: 0.112400 ms)

AssetImportParameters requested are different than current active one (requested -> active):
  custom:graphics/normal-map-encoding: 01000000000000000000000000000000 -> 02000000000000000000000000000000
========================================================================
Received Prepare
Refreshing native plugins compatible for Editor in 1.71 ms, found 1 plugins.
Preloading 0 native plugins for Editor in 0.00 ms.
Unloading 10 Unused Serialized files (Serialized files now loaded: 0)
System memory in use before: 49.5 MB.
System memory in use after: 49.5 MB.

Unloading 10 unused Assets to reduce memory usage. Loaded Objects now: 2263.
Total: 2.116200 ms (FindLiveObjects: 0.179000 ms CreateObjectMapping: 0.079500 ms MarkObjects: 1.751500 ms  DeleteObjects: 0.105100 ms)

========================================================================
Received Prepare
Registering precompiled user dll's ...
Registered in 0.001631 seconds.
Begin MonoManager ReloadAssembly
Native extension for WindowsStandalone target not found
Refreshing native plugins compatible for Editor in 0.33 ms, found 1 plugins.
Preloading 0 native plugins for Editor in 0.00 ms.
Invoked RoslynAnalysisRunner static constructor.
RoslynAnalysisRunner will not be running.
RoslynAnalysisRunner has terminated.
Mono: successfully reloaded assembly
- Completed reload, in  1.218 seconds
Platform modules already initialized, skipping
Switching build target platform(5) subTarget(0) extendedPlatform(0) -> platform(13) subTarget(537395200) extendedPlatform(0)
Refreshing native plugins compatible for Editor in 0.35 ms, found 1 plugins.
Preloading 0 native plugins for Editor in 0.00 ms.
Unloading 1813 Unused Serialized files (Serialized files now loaded: 0)
System memory in use before: 85.0 MB.
System memory in use after: 85.0 MB.

Unloading 12 unused Assets to reduce memory usage. Loaded Objects now: 2266.
Total: 1.842600 ms (FindLiveObjects: 0.168200 ms CreateObjectMapping: 0.063400 ms MarkObjects: 1.510100 ms  DeleteObjects: 0.099800 ms)

AssetImportParameters requested are different than current active one (requested -> active):
  custom:graphics/normal-map-encoding: 01000000000000000000000000000000 -> 02000000000000000000000000000000
========================================================================
Received Prepare
Registering precompiled user dll's ...
Registered in 0.055930 seconds.
Begin MonoManager ReloadAssembly
Native extension for WindowsStandalone target not found
Refreshing native plugins compatible for Editor in 0.32 ms, found 1 plugins.
Preloading 0 native plugins for Editor in 0.00 ms.
Invoked RoslynAnalysisRunner static constructor.
RoslynAnalysisRunner will not be running.
RoslynAnalysisRunner has terminated.
Mono: successfully reloaded assembly
- Completed reload, in  0.858 seconds
Platform modules already initialized, skipping
Switching build target platform(5) subTarget(0) extendedPlatform(0) -> platform(13) subTarget(537395200) extendedPlatform(0)
Refreshing native plugins compatible for Editor in 0.31 ms, found 1 plugins.
Preloading 0 native plugins for Editor in 0.00 ms.
Unloading 1813 Unused Serialized files (Serialized files now loaded: 0)
System memory in use before: 85.0 MB.
System memory in use after: 85.0 MB.

Unloading 12 unused Assets to reduce memory usage. Loaded Objects now: 2269.
Total: 2.005800 ms (FindLiveObjects: 0.170500 ms CreateObjectMapping: 0.063500 ms MarkObjects: 1.668500 ms  DeleteObjects: 0.102100 ms)

AssetImportParameters requested are different than current active one (requested -> active):
  custom:graphics/normal-map-encoding: 01000000000000000000000000000000 -> 02000000000000000000000000000000
========================================================================
Received Prepare
Refreshing native plugins compatible for Editor in 4.71 ms, found 1 plugins.
Preloading 0 native plugins for Editor in 0.00 ms.
Unloading 10 Unused Serialized files (Serialized files now loaded: 0)
System memory in use before: 49.5 MB.
System memory in use after: 49.5 MB.

Unloading 10 unused Assets to reduce memory usage. Loaded Objects now: 2269.
Total: 2.156900 ms (FindLiveObjects: 0.262000 ms CreateObjectMapping: 0.114200 ms MarkObjects: 1.665200 ms  DeleteObjects: 0.114500 ms)

========================================================================
Received Prepare
Registering precompiled user dll's ...
Registered in 0.001200 seconds.
Begin MonoManager ReloadAssembly
Native extension for WindowsStandalone target not found
Refreshing native plugins compatible for Editor in 0.35 ms, found 1 plugins.
Preloading 0 native plugins for Editor in 0.00 ms.
Invoked RoslynAnalysisRunner static constructor.
RoslynAnalysisRunner will not be running.
RoslynAnalysisRunner has terminated.
Mono: successfully reloaded assembly
- Completed reload, in  0.978 seconds
Platform modules already initialized, skipping
Switching build target platform(5) subTarget(0) extendedPlatform(0) -> platform(13) subTarget(537395200) extendedPlatform(0)
Refreshing native plugins compatible for Editor in 0.36 ms, found 1 plugins.
Preloading 0 native plugins for Editor in 0.00 ms.
Unloading 1813 Unused Serialized files (Serialized files now loaded: 0)
System memory in use before: 85.0 MB.
System memory in use after: 85.0 MB.

Unloading 12 unused Assets to reduce memory usage. Loaded Objects now: 2272.
Total: 2.475500 ms (FindLiveObjects: 0.325900 ms CreateObjectMapping: 0.161000 ms MarkObjects: 1.825000 ms  DeleteObjects: 0.162300 ms)

AssetImportParameters requested are different than current active one (requested -> active):
  custom:graphics/normal-map-encoding: 01000000000000000000000000000000 -> 02000000000000000000000000000000
========================================================================
Received Prepare
Registering precompiled user dll's ...
Registered in 0.001047 seconds.
Begin MonoManager ReloadAssembly
Native extension for WindowsStandalone target not found
Refreshing native plugins compatible for Editor in 0.32 ms, found 1 plugins.
Preloading 0 native plugins for Editor in 0.00 ms.
Invoked RoslynAnalysisRunner static constructor.
RoslynAnalysisRunner will not be running.
RoslynAnalysisRunner has terminated.
Mono: successfully reloaded assembly
- Completed reload, in  0.946 seconds
Platform modules already initialized, skipping
Switching build target platform(5) subTarget(0) extendedPlatform(0) -> platform(13) subTarget(537395200) extendedPlatform(0)
Refreshing native plugins compatible for Editor in 0.41 ms, found 1 plugins.
Preloading 0 native plugins for Editor in 0.00 ms.
Unloading 1813 Unused Serialized files (Serialized files now loaded: 0)
System memory in use before: 85.0 MB.
System memory in use after: 85.0 MB.

Unloading 12 unused Assets to reduce memory usage. Loaded Objects now: 2275.
Total: 2.314200 ms (FindLiveObjects: 0.174600 ms CreateObjectMapping: 0.068000 ms MarkObjects: 1.963800 ms  DeleteObjects: 0.106300 ms)

AssetImportParameters requested are different than current active one (requested -> active):
  custom:graphics/normal-map-encoding: 01000000000000000000000000000000 -> 02000000000000000000000000000000
========================================================================
Received Prepare
Refreshing native plugins compatible for Editor in 1.69 ms, found 1 plugins.
Preloading 0 native plugins for Editor in 0.00 ms.
Unloading 10 Unused Serialized files (Serialized files now loaded: 0)
System memory in use before: 49.6 MB.
System memory in use after: 49.5 MB.

Unloading 10 unused Assets to reduce memory usage. Loaded Objects now: 2275.
Total: 2.095800 ms (FindLiveObjects: 0.158600 ms CreateObjectMapping: 0.060200 ms MarkObjects: 1.771800 ms  DeleteObjects: 0.104400 ms)

========================================================================
Received Prepare
Registering precompiled user dll's ...
Registered in 0.001121 seconds.
Begin MonoManager ReloadAssembly
Native extension for WindowsStandalone target not found
Refreshing native plugins compatible for Editor in 0.40 ms, found 1 plugins.
Preloading 0 native plugins for Editor in 0.00 ms.
Invoked RoslynAnalysisRunner static constructor.
RoslynAnalysisRunner will not be running.
RoslynAnalysisRunner has terminated.
Mono: successfully reloaded assembly
- Completed reload, in  1.167 seconds
Platform modules already initialized, skipping
Switching build target platform(5) subTarget(0) extendedPlatform(0) -> platform(13) subTarget(537395200) extendedPlatform(0)
Refreshing native plugins compatible for Editor in 0.68 ms, found 1 plugins.
Preloading 0 native plugins for Editor in 0.00 ms.
Unloading 1813 Unused Serialized files (Serialized files now loaded: 0)
System memory in use before: 85.0 MB.
System memory in use after: 85.0 MB.

Unloading 12 unused Assets to reduce memory usage. Loaded Objects now: 2278.
Total: 2.332000 ms (FindLiveObjects: 0.401800 ms CreateObjectMapping: 0.151700 ms MarkObjects: 1.669800 ms  DeleteObjects: 0.107600 ms)

AssetImportParameters requested are different than current active one (requested -> active):
  custom:graphics/normal-map-encoding: 01000000000000000000000000000000 -> 02000000000000000000000000000000
========================================================================
Received Prepare
Refreshing native plugins compatible for Editor in 1.76 ms, found 1 plugins.
Preloading 0 native plugins for Editor in 0.00 ms.
Unloading 10 Unused Serialized files (Serialized files now loaded: 0)
System memory in use before: 49.6 MB.
System memory in use after: 49.6 MB.

Unloading 10 unused Assets to reduce memory usage. Loaded Objects now: 2278.
Total: 2.028300 ms (FindLiveObjects: 0.177200 ms CreateObjectMapping: 0.095600 ms MarkObjects: 1.635400 ms  DeleteObjects: 0.118600 ms)

========================================================================
Received Prepare
Registering precompiled user dll's ...
Registered in 0.001086 seconds.
Begin MonoManager ReloadAssembly
Native extension for WindowsStandalone target not found
Refreshing native plugins compatible for Editor in 0.32 ms, found 1 plugins.
Preloading 0 native plugins for Editor in 0.00 ms.
Invoked RoslynAnalysisRunner static constructor.
RoslynAnalysisRunner will not be running.
RoslynAnalysisRunner has terminated.
Mono: successfully reloaded assembly
- Completed reload, in  0.890 seconds
Platform modules already initialized, skipping
Switching build target platform(5) subTarget(0) extendedPlatform(0) -> platform(13) subTarget(537395200) extendedPlatform(0)
Refreshing native plugins compatible for Editor in 0.31 ms, found 1 plugins.
Preloading 0 native plugins for Editor in 0.00 ms.
Unloading 1813 Unused Serialized files (Serialized files now loaded: 0)
System memory in use before: 85.0 MB.
System memory in use after: 85.0 MB.

Unloading 12 unused Assets to reduce memory usage. Loaded Objects now: 2281.
Total: 2.782900 ms (FindLiveObjects: 0.202100 ms CreateObjectMapping: 0.081600 ms MarkObjects: 2.391700 ms  DeleteObjects: 0.106300 ms)

AssetImportParameters requested are different than current active one (requested -> active):
  custom:graphics/normal-map-encoding: 01000000000000000000000000000000 -> 02000000000000000000000000000000
========================================================================
Received Prepare
Refreshing native plugins compatible for Editor in 1.64 ms, found 1 plugins.
Preloading 0 native plugins for Editor in 0.00 ms.
Unloading 10 Unused Serialized files (Serialized files now loaded: 0)
System memory in use before: 49.6 MB.
System memory in use after: 49.6 MB.

Unloading 10 unused Assets to reduce memory usage. Loaded Objects now: 2281.
Total: 2.371500 ms (FindLiveObjects: 0.169400 ms CreateObjectMapping: 0.059500 ms MarkObjects: 2.011400 ms  DeleteObjects: 0.130200 ms)

========================================================================
Received Prepare
Registering precompiled user dll's ...
Registered in 0.000996 seconds.
Begin MonoManager ReloadAssembly
Native extension for WindowsStandalone target not found
Refreshing native plugins compatible for Editor in 0.76 ms, found 1 plugins.
Preloading 0 native plugins for Editor in 0.00 ms.
Invoked RoslynAnalysisRunner static constructor.
RoslynAnalysisRunner will not be running.
RoslynAnalysisRunner has terminated.
Mono: successfully reloaded assembly
- Completed reload, in  1.236 seconds
Platform modules already initialized, skipping
Switching build target platform(5) subTarget(0) extendedPlatform(0) -> platform(13) subTarget(537395200) extendedPlatform(0)
Refreshing native plugins compatible for Editor in 0.31 ms, found 1 plugins.
Preloading 0 native plugins for Editor in 0.00 ms.
Unloading 1813 Unused Serialized files (Serialized files now loaded: 0)
System memory in use before: 85.1 MB.
System memory in use after: 85.0 MB.

Unloading 12 unused Assets to reduce memory usage. Loaded Objects now: 2284.
Total: 1.911000 ms (FindLiveObjects: 0.185000 ms CreateObjectMapping: 0.067800 ms MarkObjects: 1.525900 ms  DeleteObjects: 0.131400 ms)

AssetImportParameters requested are different than current active one (requested -> active):
  custom:graphics/normal-map-encoding: 01000000000000000000000000000000 -> 02000000000000000000000000000000
========================================================================
Received Prepare
Refreshing native plugins compatible for Editor in 1.65 ms, found 1 plugins.
Preloading 0 native plugins for Editor in 0.00 ms.
Unloading 10 Unused Serialized files (Serialized files now loaded: 0)
System memory in use before: 49.6 MB.
System memory in use after: 49.6 MB.

Unloading 10 unused Assets to reduce memory usage. Loaded Objects now: 2284.
Total: 2.398900 ms (FindLiveObjects: 0.179200 ms CreateObjectMapping: 0.096000 ms MarkObjects: 1.970400 ms  DeleteObjects: 0.151800 ms)

========================================================================
Received Prepare
Registering precompiled user dll's ...
Registered in 0.001143 seconds.
Begin MonoManager ReloadAssembly
Native extension for WindowsStandalone target not found
Refreshing native plugins compatible for Editor in 0.34 ms, found 1 plugins.
Preloading 0 native plugins for Editor in 0.00 ms.
Invoked RoslynAnalysisRunner static constructor.
RoslynAnalysisRunner will not be running.
RoslynAnalysisRunner has terminated.
Mono: successfully reloaded assembly
- Completed reload, in  1.015 seconds
Platform modules already initialized, skipping
Switching build target platform(5) subTarget(0) extendedPlatform(0) -> platform(13) subTarget(537395200) extendedPlatform(0)
Refreshing native plugins compatible for Editor in 0.31 ms, found 1 plugins.
Preloading 0 native plugins for Editor in 0.00 ms.
Unloading 1813 Unused Serialized files (Serialized files now loaded: 0)
System memory in use before: 85.1 MB.
System memory in use after: 85.0 MB.

Unloading 12 unused Assets to reduce memory usage. Loaded Objects now: 2287.
Total: 2.031400 ms (FindLiveObjects: 0.204600 ms CreateObjectMapping: 0.072800 ms MarkObjects: 1.618200 ms  DeleteObjects: 0.134500 ms)

AssetImportParameters requested are different than current active one (requested -> active):
  custom:graphics/normal-map-encoding: 01000000000000000000000000000000 -> 02000000000000000000000000000000
========================================================================
Received Import Request.
  Time since last request: 4807.379714 seconds.
  path: Assets/Scripts/Player/CharacterMovement.cs
  artifactKey: Guid(d9fa7712f304cf64192160feb42303a0) Importer(815301076,1909f56bfc062723c751e8b465ee728b)
Start importing Assets/Scripts/Player/CharacterMovement.cs using Guid(d9fa7712f304cf64192160feb42303a0) Importer(815301076,1909f56bfc062723c751e8b465ee728b)  -> (artifact id: '1685358be666f1a23d8511102642d636') in 0.011279 seconds
  Import took 0.015729 seconds .

========================================================================
Received Import Request.
  Time since last request: 0.023796 seconds.
  path: Assets/Scripts/Player/CharacterMovement.cs
  artifactKey: Guid(d9fa7712f304cf64192160feb42303a0) Importer(815301076,1909f56bfc062723c751e8b465ee728b)
Start importing Assets/Scripts/Player/CharacterMovement.cs using Guid(d9fa7712f304cf64192160feb42303a0) Importer(815301076,1909f56bfc062723c751e8b465ee728b)  -> (artifact id: '1685358be666f1a23d8511102642d636') in 0.008570 seconds
  Import took 0.011441 seconds .

========================================================================
Received Prepare
Registering precompiled user dll's ...
Registered in 0.002178 seconds.
Begin MonoManager ReloadAssembly
Native extension for WindowsStandalone target not found
Refreshing native plugins compatible for Editor in 0.47 ms, found 1 plugins.
Preloading 0 native plugins for Editor in 0.00 ms.
Invoked RoslynAnalysisRunner static constructor.
RoslynAnalysisRunner will not be running.
RoslynAnalysisRunner has terminated.
Mono: successfully reloaded assembly
- Completed reload, in  0.971 seconds
Platform modules already initialized, skipping
Switching build target platform(5) subTarget(0) extendedPlatform(0) -> platform(13) subTarget(537395200) extendedPlatform(0)
Refreshing native plugins compatible for Editor in 0.33 ms, found 1 plugins.
Preloading 0 native plugins for Editor in 0.00 ms.
Unloading 1813 Unused Serialized files (Serialized files now loaded: 0)
System memory in use before: 85.1 MB.
System memory in use after: 85.1 MB.

Unloading 12 unused Assets to reduce memory usage. Loaded Objects now: 2290.
Total: 2.109600 ms (FindLiveObjects: 0.218800 ms CreateObjectMapping: 0.084600 ms MarkObjects: 1.699400 ms  DeleteObjects: 0.105200 ms)

AssetImportParameters requested are different than current active one (requested -> active):
  custom:graphics/normal-map-encoding: 01000000000000000000000000000000 -> 02000000000000000000000000000000
========================================================================
Received Import Request.
  Time since last request: 235.447267 seconds.
  path: Assets/Scripts/Player/CharacterManager.cs
  artifactKey: Guid(e2c6f3f3ff22c0d4eab2c4eb87f2d44c) Importer(815301076,1909f56bfc062723c751e8b465ee728b)
Start importing Assets/Scripts/Player/CharacterManager.cs using Guid(e2c6f3f3ff22c0d4eab2c4eb87f2d44c) Importer(815301076,1909f56bfc062723c751e8b465ee728b)  -> (artifact id: '934af12a43baa409e5116d40579f191d') in 0.010294 seconds
  Import took 0.016437 seconds .

========================================================================
Received Import Request.
  Time since last request: 0.000055 seconds.
  path: Assets/Scripts/GameManager.cs
  artifactKey: Guid(5eaca5cdf96233b4494b918594b0e2f9) Importer(815301076,1909f56bfc062723c751e8b465ee728b)
Start importing Assets/Scripts/GameManager.cs using Guid(5eaca5cdf96233b4494b918594b0e2f9) Importer(815301076,1909f56bfc062723c751e8b465ee728b)  -> (artifact id: 'bf4485bd08372eac84d071638e534580') in 0.009923 seconds
  Import took 0.015279 seconds .

========================================================================
Received Prepare
Registering precompiled user dll's ...
Registered in 0.000998 seconds.
Begin MonoManager ReloadAssembly
Native extension for WindowsStandalone target not found
Refreshing native plugins compatible for Editor in 0.33 ms, found 1 plugins.
Preloading 0 native plugins for Editor in 0.00 ms.
Invoked RoslynAnalysisRunner static constructor.
RoslynAnalysisRunner will not be running.
RoslynAnalysisRunner has terminated.
Mono: successfully reloaded assembly
- Completed reload, in  1.147 seconds
Platform modules already initialized, skipping
Switching build target platform(5) subTarget(0) extendedPlatform(0) -> platform(13) subTarget(537395200) extendedPlatform(0)
Refreshing native plugins compatible for Editor in 0.31 ms, found 1 plugins.
Preloading 0 native plugins for Editor in 0.00 ms.
Unloading 1813 Unused Serialized files (Serialized files now loaded: 0)
System memory in use before: 85.1 MB.
System memory in use after: 85.1 MB.

Unloading 12 unused Assets to reduce memory usage. Loaded Objects now: 2293.
Total: 2.071300 ms (FindLiveObjects: 0.185600 ms CreateObjectMapping: 0.073200 ms MarkObjects: 1.670000 ms  DeleteObjects: 0.141600 ms)

AssetImportParameters requested are different than current active one (requested -> active):
  custom:graphics/normal-map-encoding: 01000000000000000000000000000000 -> 02000000000000000000000000000000
========================================================================
Received Import Request.
  Time since last request: 310.154324 seconds.
  path: Assets/Scripts/GameManager.cs
  artifactKey: Guid(5eaca5cdf96233b4494b918594b0e2f9) Importer(815301076,1909f56bfc062723c751e8b465ee728b)
Start importing Assets/Scripts/GameManager.cs using Guid(5eaca5cdf96233b4494b918594b0e2f9) Importer(815301076,1909f56bfc062723c751e8b465ee728b)  -> (artifact id: '67008516340dedeeeeb00cf86c6ef5ef') in 0.005731 seconds
  Import took 0.008450 seconds .

========================================================================
Received Import Request.
  Time since last request: 1.073438 seconds.
  path: Assets/Scripts/Background.cs
  artifactKey: Guid(ff63b1234df57474ab9121aa33404418) Importer(815301076,1909f56bfc062723c751e8b465ee728b)
Start importing Assets/Scripts/Background.cs using Guid(ff63b1234df57474ab9121aa33404418) Importer(815301076,1909f56bfc062723c751e8b465ee728b)  -> (artifact id: '7ead5ff1bfa0926df4caf4cb9dc7266f') in 0.013357 seconds
  Import took 0.016144 seconds .

========================================================================
Received Prepare
Registering precompiled user dll's ...
Registered in 0.000991 seconds.
Begin MonoManager ReloadAssembly
Native extension for WindowsStandalone target not found
Refreshing native plugins compatible for Editor in 0.33 ms, found 1 plugins.
Preloading 0 native plugins for Editor in 0.00 ms.
Invoked RoslynAnalysisRunner static constructor.
RoslynAnalysisRunner will not be running.
RoslynAnalysisRunner has terminated.
Mono: successfully reloaded assembly
- Completed reload, in  1.458 seconds
Platform modules already initialized, skipping
Switching build target platform(5) subTarget(0) extendedPlatform(0) -> platform(13) subTarget(537395200) extendedPlatform(0)
Refreshing native plugins compatible for Editor in 0.31 ms, found 1 plugins.
Preloading 0 native plugins for Editor in 0.00 ms.
Unloading 1813 Unused Serialized files (Serialized files now loaded: 0)
System memory in use before: 85.1 MB.
System memory in use after: 85.1 MB.

Unloading 12 unused Assets to reduce memory usage. Loaded Objects now: 2296.
Total: 3.329600 ms (FindLiveObjects: 0.189300 ms CreateObjectMapping: 0.077000 ms MarkObjects: 2.955400 ms  DeleteObjects: 0.106500 ms)

AssetImportParameters requested are different than current active one (requested -> active):
  custom:graphics/normal-map-encoding: 01000000000000000000000000000000 -> 02000000000000000000000000000000
========================================================================
Received Import Request.
  Time since last request: 124.645695 seconds.
  path: Assets/Scripts/ScoreScreen.cs
  artifactKey: Guid(4d2c4ab932f891447854eb4e821fdb87) Importer(815301076,1909f56bfc062723c751e8b465ee728b)
Start importing Assets/Scripts/ScoreScreen.cs using Guid(4d2c4ab932f891447854eb4e821fdb87) Importer(815301076,1909f56bfc062723c751e8b465ee728b)  -> (artifact id: '682bce4e714e01b0aa519744412b120c') in 0.021708 seconds
  Import took 0.025925 seconds .

========================================================================
Received Import Request.
  Time since last request: 0.000207 seconds.
  path: Assets/Scripts/Background.cs
  artifactKey: Guid(ff63b1234df57474ab9121aa33404418) Importer(815301076,1909f56bfc062723c751e8b465ee728b)
Start importing Assets/Scripts/Background.cs using Guid(ff63b1234df57474ab9121aa33404418) Importer(815301076,1909f56bfc062723c751e8b465ee728b)  -> (artifact id: '4d1368bc52a32ccb758c98ed4e60f0cc') in 0.009805 seconds
  Import took 0.012462 seconds .

========================================================================
Received Prepare
Registering precompiled user dll's ...
Registered in 0.001018 seconds.
Begin MonoManager ReloadAssembly
Native extension for WindowsStandalone target not found
Refreshing native plugins compatible for Editor in 0.32 ms, found 1 plugins.
Preloading 0 native plugins for Editor in 0.00 ms.
Invoked RoslynAnalysisRunner static constructor.
RoslynAnalysisRunner will not be running.
RoslynAnalysisRunner has terminated.
Mono: successfully reloaded assembly
- Completed reload, in  1.197 seconds
Platform modules already initialized, skipping
Switching build target platform(5) subTarget(0) extendedPlatform(0) -> platform(13) subTarget(537395200) extendedPlatform(0)
Refreshing native plugins compatible for Editor in 0.32 ms, found 1 plugins.
Preloading 0 native plugins for Editor in 0.00 ms.
Unloading 1813 Unused Serialized files (Serialized files now loaded: 0)
System memory in use before: 85.1 MB.
System memory in use after: 85.1 MB.

Unloading 12 unused Assets to reduce memory usage. Loaded Objects now: 2299.
Total: 1.748600 ms (FindLiveObjects: 0.167400 ms CreateObjectMapping: 0.059800 ms MarkObjects: 1.419400 ms  DeleteObjects: 0.100900 ms)

AssetImportParameters requested are different than current active one (requested -> active):
  custom:graphics/normal-map-encoding: 01000000000000000000000000000000 -> 02000000000000000000000000000000
========================================================================
Received Import Request.
  Time since last request: 609.534327 seconds.
  path: Assets/Scripts/ScoreScreen.cs
  artifactKey: Guid(4d2c4ab932f891447854eb4e821fdb87) Importer(815301076,1909f56bfc062723c751e8b465ee728b)
Start importing Assets/Scripts/ScoreScreen.cs using Guid(4d2c4ab932f891447854eb4e821fdb87) Importer(815301076,1909f56bfc062723c751e8b465ee728b)  -> (artifact id: '45fb6e57014023041e6bea466ec22cd8') in 0.006131 seconds
  Import took 0.008799 seconds .

========================================================================
Received Prepare
Refreshing native plugins compatible for Editor in 1.73 ms, found 1 plugins.
Preloading 0 native plugins for Editor in 0.00 ms.
Unloading 10 Unused Serialized files (Serialized files now loaded: 0)
System memory in use before: 49.6 MB.
System memory in use after: 49.6 MB.

Unloading 10 unused Assets to reduce memory usage. Loaded Objects now: 2299.
Total: 2.210600 ms (FindLiveObjects: 0.178000 ms CreateObjectMapping: 0.065000 ms MarkObjects: 1.860200 ms  DeleteObjects: 0.106300 ms)

========================================================================
Received Prepare
Registering precompiled user dll's ...
Registered in 0.001452 seconds.
Begin MonoManager ReloadAssembly
Native extension for WindowsStandalone target not found
Refreshing native plugins compatible for Editor in 0.32 ms, found 1 plugins.
Preloading 0 native plugins for Editor in 0.00 ms.
Invoked RoslynAnalysisRunner static constructor.
RoslynAnalysisRunner will not be running.
RoslynAnalysisRunner has terminated.
Mono: successfully reloaded assembly
- Completed reload, in  1.675 seconds
Platform modules already initialized, skipping
Switching build target platform(5) subTarget(0) extendedPlatform(0) -> platform(13) subTarget(537395200) extendedPlatform(0)
Refreshing native plugins compatible for Editor in 0.31 ms, found 1 plugins.
Preloading 0 native plugins for Editor in 0.00 ms.
Unloading 1813 Unused Serialized files (Serialized files now loaded: 0)
System memory in use before: 85.1 MB.
System memory in use after: 85.1 MB.

Unloading 12 unused Assets to reduce memory usage. Loaded Objects now: 2302.
Total: 2.340300 ms (FindLiveObjects: 0.414900 ms CreateObjectMapping: 0.072400 ms MarkObjects: 1.712000 ms  DeleteObjects: 0.140100 ms)

AssetImportParameters requested are different than current active one (requested -> active):
  custom:graphics/normal-map-encoding: 01000000000000000000000000000000 -> 02000000000000000000000000000000
========================================================================
Received Import Request.
  Time since last request: 1924.902032 seconds.
  path: Assets/Sprites
  artifactKey: Guid(f5415c718de9d0a4ea7db25b74421cf3) Importer(815301076,1909f56bfc062723c751e8b465ee728b)
Start importing Assets/Sprites using Guid(f5415c718de9d0a4ea7db25b74421cf3) Importer(815301076,1909f56bfc062723c751e8b465ee728b)  -> (artifact id: '0e1fc29f994ad464f1c45ddf2efcd46a') in 0.017951 seconds
  Import took 0.039470 seconds .

========================================================================
Received Import Request.
  Time since last request: 0.000431 seconds.
  path: Assets/Sprites/bg.png
  artifactKey: Guid(293cc64a7f96287428df5ad3843d92e3) Importer(815301076,1909f56bfc062723c751e8b465ee728b)
Start importing Assets/Sprites/bg.png using Guid(293cc64a7f96287428df5ad3843d92e3) Importer(815301076,1909f56bfc062723c751e8b465ee728b)  -> (artifact id: '725af3c2d52fada35980e4a742ddf4e1') in 0.190348 seconds
  Import took 0.193300 seconds .

========================================================================
Received Import Request.
  Time since last request: 1.864840 seconds.
  path: Assets/Sprites/bg.png
  artifactKey: Guid(293cc64a7f96287428df5ad3843d92e3) Importer(815301076,1909f56bfc062723c751e8b465ee728b)
Start importing Assets/Sprites/bg.png using Guid(293cc64a7f96287428df5ad3843d92e3) Importer(815301076,1909f56bfc062723c751e8b465ee728b)  -> (artifact id: '725af3c2d52fada35980e4a742ddf4e1') in 1.476715 seconds
  Import took 1.481254 seconds .

========================================================================
Received Import Request.
  Time since last request: 0.902627 seconds.
  path: Assets/Sprites/Meteorite
  artifactKey: Guid(bfd2865024992c94b943557f2c9d93de) Importer(815301076,1909f56bfc062723c751e8b465ee728b)
Start importing Assets/Sprites/Meteorite using Guid(bfd2865024992c94b943557f2c9d93de) Importer(815301076,1909f56bfc062723c751e8b465ee728b)  -> (artifact id: '3edcf9dcb8e9ee7d74a27b8a975dd544') in 0.009477 seconds
  Import took 0.013014 seconds .

========================================================================
Received Import Request.
  Time since last request: 0.001698 seconds.
  path: Assets/Sprites/Meteorite
  artifactKey: Guid(bfd2865024992c94b943557f2c9d93de) Importer(815301076,1909f56bfc062723c751e8b465ee728b)
Start importing Assets/Sprites/Meteorite using Guid(bfd2865024992c94b943557f2c9d93de) Importer(815301076,1909f56bfc062723c751e8b465ee728b)  -> (artifact id: '3edcf9dcb8e9ee7d74a27b8a975dd544') in 0.006039 seconds
  Import took 0.009144 seconds .

AssetImportWorkerClient::OnTransportError - code=2 error=End of file
