Using pre-set license
Built from '2020.2/release' branch; Version is '2020.2.4f1 (becced5a802b) revision 12504301'; Using compiler version '192528614'; Build Type 'Release'
OS: 'Windows 10 Pro; OS build 19042.928; Version 2009; 64bit' Language: 'fr' Physical Memory: 16348 MB
BatchMode: 1, IsHumanControllingUs: 0, StartBugReporterOnCrash: 0, Is64bit: 1, IsPro: 0

 COMMAND LINE ARGUMENTS:
C:\Program Files\Unity\Hub\Editor\2020.2.4f1\Editor\Unity.exe
-adb2
-batchMode
-noUpm
-name
AssetImportWorker0
-projectPath
C:/Users/Bastien/Desktop/SpaceDoo2/DooSpace/DooSpace
-logFile
Logs/AssetImportWorker0.log
-srvPort
51517
Successfully changed project path to: C:/Users/Bastien/Desktop/SpaceDoo2/DooSpace/DooSpace
C:/Users/Bastien/Desktop/SpaceDoo2/DooSpace/DooSpace
Using Asset Import Pipeline V2.
Refreshing native plugins compatible for Editor in 38.34 ms, found 1 plugins.
Preloading 0 native plugins for Editor in 0.00 ms.
Initialize engine version: 2020.2.4f1 (becced5a802b)
[Subsystems] Discovering subsystems at path C:/Program Files/Unity/Hub/Editor/2020.2.4f1/Editor/Data/Resources/UnitySubsystems
[Subsystems] Discovering subsystems at path C:/Users/Bastien/Desktop/SpaceDoo2/DooSpace/DooSpace/Assets
GfxDevice: creating device client; threaded=0
Direct3D:
    Version:  Direct3D 11.0 [level 11.1]
    Renderer: NVIDIA GeForce GTX 970 (ID=0x13c2)
    Vendor:   
    VRAM:     4043 MB
    Driver:   27.21.14.5671
Initialize mono
Mono path[0] = 'C:/Program Files/Unity/Hub/Editor/2020.2.4f1/Editor/Data/Managed'
Mono path[1] = 'C:/Program Files/Unity/Hub/Editor/2020.2.4f1/Editor/Data/MonoBleedingEdge/lib/mono/unityjit'
Mono config path = 'C:/Program Files/Unity/Hub/Editor/2020.2.4f1/Editor/Data/MonoBleedingEdge/etc'
Using monoOptions --debugger-agent=transport=dt_socket,embedding=1,server=y,suspend=n,address=127.0.0.1:56296
Begin MonoManager ReloadAssembly
Registering precompiled unity dll's ...
Register platform support module: C:/Program Files/Unity/Hub/Editor/2020.2.4f1/Editor/Data/PlaybackEngines/WindowsStandaloneSupport/UnityEditor.WindowsStandalone.Extensions.dll
Registered in 0.001951 seconds.
Native extension for WindowsStandalone target not found
Refreshing native plugins compatible for Editor in 33.96 ms, found 1 plugins.
Preloading 0 native plugins for Editor in 0.00 ms.
Invoked RoslynAnalysisRunner static constructor.
RoslynAnalysisRunner will not be running.
RoslynAnalysisRunner has terminated.
Mono: successfully reloaded assembly
- Completed reload, in  2.171 seconds
Platform modules already initialized, skipping
Registering precompiled user dll's ...
Registered in 0.001035 seconds.
Begin MonoManager ReloadAssembly
Native extension for WindowsStandalone target not found
Refreshing native plugins compatible for Editor in 34.90 ms, found 1 plugins.
Preloading 0 native plugins for Editor in 0.00 ms.
Invoked RoslynAnalysisRunner static constructor.
RoslynAnalysisRunner will not be running.
RoslynAnalysisRunner has terminated.
Mono: successfully reloaded assembly
- Completed reload, in  0.913 seconds
Platform modules already initialized, skipping
========================================================================
Worker process is ready to serve import requests
Launched and connected shader compiler UnityShaderCompiler.exe after 0.05 seconds
Refreshing native plugins compatible for Editor in 0.32 ms, found 1 plugins.
Preloading 0 native plugins for Editor in 0.00 ms.
Unloading 1815 Unused Serialized files (Serialized files now loaded: 0)
System memory in use before: 85.0 MB.
System memory in use after: 85.0 MB.

Unloading 24 unused Assets to reduce memory usage. Loaded Objects now: 2257.
Total: 2.125000 ms (FindLiveObjects: 0.322100 ms CreateObjectMapping: 0.206800 ms MarkObjects: 1.476600 ms  DeleteObjects: 0.118500 ms)

========================================================================
Received Import Request.
  path: Assets/Sprites/Meteorite/meteoritesP3.png
  artifactKey: Guid(1a003b43fea164c409a13d2569b4b03a) Importer(815301076,1909f56bfc062723c751e8b465ee728b)
Start importing Assets/Sprites/Meteorite/meteoritesP3.png using Guid(1a003b43fea164c409a13d2569b4b03a) Importer(815301076,1909f56bfc062723c751e8b465ee728b)  -> (artifact id: 'a5f93eebf22af7ba309b5687be564dd8') in 0.136388 seconds
  Import took 0.139338 seconds .

========================================================================
Received Import Request.
  Time since last request: 0.000295 seconds.
  path: Assets/Sprites/Meteorite/meteoritesP7.png
  artifactKey: Guid(82f62ca3ff403c74b8615ec41b8eb99b) Importer(815301076,1909f56bfc062723c751e8b465ee728b)
Start importing Assets/Sprites/Meteorite/meteoritesP7.png using Guid(82f62ca3ff403c74b8615ec41b8eb99b) Importer(815301076,1909f56bfc062723c751e8b465ee728b)  -> (artifact id: '581f04cb57f2ecaa74035b7ea77cf30c') in 0.015640 seconds
  Import took 0.018384 seconds .

========================================================================
Received Import Request.
  Time since last request: 0.000402 seconds.
  path: Assets/Sprites/Meteorite/meteoritesP4.png
  artifactKey: Guid(482a2007ca5028b4a94f21f36e7e2de9) Importer(815301076,1909f56bfc062723c751e8b465ee728b)
Start importing Assets/Sprites/Meteorite/meteoritesP4.png using Guid(482a2007ca5028b4a94f21f36e7e2de9) Importer(815301076,1909f56bfc062723c751e8b465ee728b)  -> (artifact id: 'e27e49f3f744df934bf3b384ea7f2b7a') in 0.014303 seconds
  Import took 0.016870 seconds .

========================================================================
Received Import Request.
  Time since last request: 0.000311 seconds.
  path: Assets/Sprites/Meteorite/meteoritesP6.png
  artifactKey: Guid(dc96db7098ec6ee42ae9efb80b1b25ef) Importer(815301076,1909f56bfc062723c751e8b465ee728b)
Start importing Assets/Sprites/Meteorite/meteoritesP6.png using Guid(dc96db7098ec6ee42ae9efb80b1b25ef) Importer(815301076,1909f56bfc062723c751e8b465ee728b)  -> (artifact id: '6c9b2dae303408df0a4cbbf63c0e5da1') in 0.014620 seconds
  Import took 0.018153 seconds .

========================================================================
Received Import Request.
  Time since last request: 0.000309 seconds.
  path: Assets/Sprites/Meteorite/meteoritesP5.png
  artifactKey: Guid(b431a533a6f766a4ba63b571b0eb6f6b) Importer(815301076,1909f56bfc062723c751e8b465ee728b)
Start importing Assets/Sprites/Meteorite/meteoritesP5.png using Guid(b431a533a6f766a4ba63b571b0eb6f6b) Importer(815301076,1909f56bfc062723c751e8b465ee728b)  -> (artifact id: '8bec5126b622c4bff4bf9050816b96e9') in 0.021871 seconds
  Import took 0.025384 seconds .

========================================================================
Received Import Request.
  Time since last request: 0.000168 seconds.
  path: Assets/Sprites/Meteorite/meteoritesP1.png
  artifactKey: Guid(486eb7b8e9abbad45b433a8749b3fba6) Importer(815301076,1909f56bfc062723c751e8b465ee728b)
Start importing Assets/Sprites/Meteorite/meteoritesP1.png using Guid(486eb7b8e9abbad45b433a8749b3fba6) Importer(815301076,1909f56bfc062723c751e8b465ee728b)  -> (artifact id: 'f7a459ea8137a8b52c1481873c868e39') in 0.020275 seconds
  Import took 0.023790 seconds .

========================================================================
Received Import Request.
  Time since last request: 0.000155 seconds.
  path: Assets/Sprites/Meteorite/meteoritesP8.png
  artifactKey: Guid(6726abcb00ba2da42adf9b0baabfa95f) Importer(815301076,1909f56bfc062723c751e8b465ee728b)
Start importing Assets/Sprites/Meteorite/meteoritesP8.png using Guid(6726abcb00ba2da42adf9b0baabfa95f) Importer(815301076,1909f56bfc062723c751e8b465ee728b)  -> (artifact id: 'bbb3f82b8e5db193e5358e716eab6147') in 0.014521 seconds
  Import took 0.017089 seconds .

========================================================================
Received Import Request.
  Time since last request: 0.000156 seconds.
  path: Assets/Sprites/Meteorite/meteoritesP2.png
  artifactKey: Guid(9e06c634de798a8418fb44647228a42c) Importer(815301076,1909f56bfc062723c751e8b465ee728b)
Start importing Assets/Sprites/Meteorite/meteoritesP2.png using Guid(9e06c634de798a8418fb44647228a42c) Importer(815301076,1909f56bfc062723c751e8b465ee728b)  -> (artifact id: '6a1d7ccf8d39eb86384e2dcb2e6034cf') in 0.013171 seconds
  Import took 0.015754 seconds .

========================================================================
Received Import Request.
  Time since last request: 130.345429 seconds.
  path: Assets/Prefabs
  artifactKey: Guid(7722c5fa08dfd7440b37a88b32e0cf4d) Importer(815301076,1909f56bfc062723c751e8b465ee728b)
Start importing Assets/Prefabs using Guid(7722c5fa08dfd7440b37a88b32e0cf4d) Importer(815301076,1909f56bfc062723c751e8b465ee728b)  -> (artifact id: 'abf5c2dc623ca0a5e14d30e252982552') in 0.015695 seconds
  Import took 0.019212 seconds .

========================================================================
Received Import Request.
  Time since last request: 0.054798 seconds.
  path: Assets/Prefabs/Alien.prefab
  artifactKey: Guid(601463c50b6cc1a43a01345cfb01cad0) Importer(815301076,1909f56bfc062723c751e8b465ee728b)
Start importing Assets/Prefabs/Alien.prefab using Guid(601463c50b6cc1a43a01345cfb01cad0) Importer(815301076,1909f56bfc062723c751e8b465ee728b)  -> (artifact id: 'ee2c21ae10ba5d31e5fc776392dd195e') in 0.026750 seconds
  Import took 0.029544 seconds .

========================================================================
Received Import Request.
  Time since last request: 0.000159 seconds.
  path: Assets/Prefabs/Character.prefab
  artifactKey: Guid(a52b3f6e027ef6a4ea75ec5e05f41145) Importer(815301076,1909f56bfc062723c751e8b465ee728b)
Start importing Assets/Prefabs/Character.prefab using Guid(a52b3f6e027ef6a4ea75ec5e05f41145) Importer(815301076,1909f56bfc062723c751e8b465ee728b)  -> (artifact id: '5f5a8dae8108912d6fdf269a503370c2') in 0.010714 seconds
  Import took 0.013703 seconds .

========================================================================
Received Import Request.
  Time since last request: 0.000165 seconds.
  path: Assets/Prefabs/Shield.prefab
  artifactKey: Guid(587c7e0fac3b5314bb9f1fedcc6e11c8) Importer(815301076,1909f56bfc062723c751e8b465ee728b)
Start importing Assets/Prefabs/Shield.prefab using Guid(587c7e0fac3b5314bb9f1fedcc6e11c8) Importer(815301076,1909f56bfc062723c751e8b465ee728b)  -> (artifact id: '1a13c190a0a2e8d74917ddcec893d641') in 0.013243 seconds
  Import took 0.017879 seconds .

========================================================================
Received Import Request.
  Time since last request: 0.000171 seconds.
  path: Assets/Prefabs/Meteorite.prefab
  artifactKey: Guid(d573d3f9b7a2fe44398f54ba1c59cedf) Importer(815301076,1909f56bfc062723c751e8b465ee728b)
Start importing Assets/Prefabs/Meteorite.prefab using Guid(d573d3f9b7a2fe44398f54ba1c59cedf) Importer(815301076,1909f56bfc062723c751e8b465ee728b)  -> (artifact id: 'd9bf0ef028b625328b25e8f6b7e7ff10') in 0.010892 seconds
  Import took 0.013654 seconds .

========================================================================
Received Import Request.
  Time since last request: 0.000098 seconds.
  path: Assets/Prefabs/Fuel.prefab
  artifactKey: Guid(12d97b9f463c1a249a75d22ebb916acb) Importer(815301076,1909f56bfc062723c751e8b465ee728b)
Start importing Assets/Prefabs/Fuel.prefab using Guid(12d97b9f463c1a249a75d22ebb916acb) Importer(815301076,1909f56bfc062723c751e8b465ee728b)  -> (artifact id: 'ab7a67d8186ee4527103ad0806b2458c') in 0.013822 seconds
  Import took 0.016853 seconds .

========================================================================
Received Import Request.
  Time since last request: 7.653245 seconds.
  path: Assets/Prefabs/sprite
  artifactKey: Guid(a24729530e9369c488a3e5e7520f8b29) Importer(815301076,1909f56bfc062723c751e8b465ee728b)
Start importing Assets/Prefabs/sprite using Guid(a24729530e9369c488a3e5e7520f8b29) Importer(815301076,1909f56bfc062723c751e8b465ee728b)  -> (artifact id: 'a8449cb67c5a6a4a52cc8cd93a3b28af') in 0.007935 seconds
  Import took 0.010809 seconds .

========================================================================
Received Import Request.
  Time since last request: 2.150421 seconds.
  path: Assets/Prefabs/compSpriteMeteorite.prefab
  artifactKey: Guid(f84f38895686db645940b9f3a67dc4e8) Importer(815301076,1909f56bfc062723c751e8b465ee728b)
Start importing Assets/Prefabs/compSpriteMeteorite.prefab using Guid(f84f38895686db645940b9f3a67dc4e8) Importer(815301076,1909f56bfc062723c751e8b465ee728b)  -> (artifact id: 'e76d69657471de7e95f51543df30323a') in 0.092527 seconds
  Import took 0.095756 seconds .

========================================================================
Received Import Request.
  Time since last request: 0.009944 seconds.
  path: Assets/Prefabs/compSpriteMeteorite.prefab
  artifactKey: Guid(f84f38895686db645940b9f3a67dc4e8) Importer(815301076,1909f56bfc062723c751e8b465ee728b)
Start importing Assets/Prefabs/compSpriteMeteorite.prefab using Guid(f84f38895686db645940b9f3a67dc4e8) Importer(815301076,1909f56bfc062723c751e8b465ee728b)  -> (artifact id: 'e76d69657471de7e95f51543df30323a') in 0.029552 seconds
  Import took 0.033204 seconds .

========================================================================
Received Import Request.
  Time since last request: 11.586004 seconds.
  path: Assets/Prefabs/Meteorite.prefab
  artifactKey: Guid(d573d3f9b7a2fe44398f54ba1c59cedf) Importer(815301076,1909f56bfc062723c751e8b465ee728b)
Start importing Assets/Prefabs/Meteorite.prefab using Guid(d573d3f9b7a2fe44398f54ba1c59cedf) Importer(815301076,1909f56bfc062723c751e8b465ee728b)  -> (artifact id: '856093b0f2db9846c54a59c22a39cf5b') in 0.025809 seconds
  Import took 0.029899 seconds .

========================================================================
Received Import Request.
  Time since last request: 16.650066 seconds.
  path: Assets/Prefabs/Meteorite.prefab
  artifactKey: Guid(d573d3f9b7a2fe44398f54ba1c59cedf) Importer(815301076,1909f56bfc062723c751e8b465ee728b)
Start importing Assets/Prefabs/Meteorite.prefab using Guid(d573d3f9b7a2fe44398f54ba1c59cedf) Importer(815301076,1909f56bfc062723c751e8b465ee728b)  -> (artifact id: 'af5513498933830a75820015bc72d7e0') in 0.056481 seconds
  Import took 0.059922 seconds .

========================================================================
Received Import Request.
  Time since last request: 9.026886 seconds.
  path: Assets/Prefabs/Meteorite.prefab
  artifactKey: Guid(d573d3f9b7a2fe44398f54ba1c59cedf) Importer(815301076,1909f56bfc062723c751e8b465ee728b)
Start importing Assets/Prefabs/Meteorite.prefab using Guid(d573d3f9b7a2fe44398f54ba1c59cedf) Importer(815301076,1909f56bfc062723c751e8b465ee728b)  -> (artifact id: '9570b819a303a013a757aef7aa644a96') in 0.022746 seconds
  Import took 0.026072 seconds .

========================================================================
Received Import Request.
  Time since last request: 7.654229 seconds.
  path: Assets/Prefabs/Meteorite.prefab
  artifactKey: Guid(d573d3f9b7a2fe44398f54ba1c59cedf) Importer(815301076,1909f56bfc062723c751e8b465ee728b)
Start importing Assets/Prefabs/Meteorite.prefab using Guid(d573d3f9b7a2fe44398f54ba1c59cedf) Importer(815301076,1909f56bfc062723c751e8b465ee728b)  -> (artifact id: 'b22b6cea881566b725b7916fe12a1f00') in 0.032377 seconds
  Import took 0.036193 seconds .

========================================================================
Received Import Request.
  Time since last request: 12.876477 seconds.
  path: Assets/Prefabs/Meteorite.prefab
  artifactKey: Guid(d573d3f9b7a2fe44398f54ba1c59cedf) Importer(815301076,1909f56bfc062723c751e8b465ee728b)
Start importing Assets/Prefabs/Meteorite.prefab using Guid(d573d3f9b7a2fe44398f54ba1c59cedf) Importer(815301076,1909f56bfc062723c751e8b465ee728b)  -> (artifact id: '1f64d1eea49cdf7f4c97e0ec0a777e02') in 0.019200 seconds
  Import took 0.022336 seconds .

========================================================================
Received Import Request.
  Time since last request: 0.772694 seconds.
  path: Assets/Prefabs/Meteorite.prefab
  artifactKey: Guid(d573d3f9b7a2fe44398f54ba1c59cedf) Importer(815301076,1909f56bfc062723c751e8b465ee728b)
Start importing Assets/Prefabs/Meteorite.prefab using Guid(d573d3f9b7a2fe44398f54ba1c59cedf) Importer(815301076,1909f56bfc062723c751e8b465ee728b)  -> (artifact id: 'c9a51d043f0e4b227202ca0fffda9173') in 0.027225 seconds
  Import took 0.031548 seconds .

========================================================================
Received Import Request.
  Time since last request: 1.188168 seconds.
  path: Assets/Prefabs/Meteorite.prefab
  artifactKey: Guid(d573d3f9b7a2fe44398f54ba1c59cedf) Importer(815301076,1909f56bfc062723c751e8b465ee728b)
Start importing Assets/Prefabs/Meteorite.prefab using Guid(d573d3f9b7a2fe44398f54ba1c59cedf) Importer(815301076,1909f56bfc062723c751e8b465ee728b)  -> (artifact id: '37a1d28627d5bdef96b4200b6aa02f71') in 0.027148 seconds
  Import took 0.031462 seconds .

========================================================================
Received Import Request.
  Time since last request: 10.881155 seconds.
  path: Assets/Prefabs/Meteorite.prefab
  artifactKey: Guid(d573d3f9b7a2fe44398f54ba1c59cedf) Importer(815301076,1909f56bfc062723c751e8b465ee728b)
Start importing Assets/Prefabs/Meteorite.prefab using Guid(d573d3f9b7a2fe44398f54ba1c59cedf) Importer(815301076,1909f56bfc062723c751e8b465ee728b)  -> (artifact id: 'c43a2fe0acaa7fa8154fdc9a31142a2b') in 0.020120 seconds
  Import took 0.023531 seconds .

========================================================================
Received Import Request.
  Time since last request: 3.802963 seconds.
  path: Assets/Prefabs/Meteorite.prefab
  artifactKey: Guid(d573d3f9b7a2fe44398f54ba1c59cedf) Importer(815301076,1909f56bfc062723c751e8b465ee728b)
Start importing Assets/Prefabs/Meteorite.prefab using Guid(d573d3f9b7a2fe44398f54ba1c59cedf) Importer(815301076,1909f56bfc062723c751e8b465ee728b)  -> (artifact id: 'be33b5cedd7de1a5d998f8cd41aa7e21') in 0.033585 seconds
  Import took 0.037355 seconds .

========================================================================
Received Import Request.
  Time since last request: 0.747118 seconds.
  path: Assets/Prefabs/Meteorite.prefab
  artifactKey: Guid(d573d3f9b7a2fe44398f54ba1c59cedf) Importer(815301076,1909f56bfc062723c751e8b465ee728b)
Start importing Assets/Prefabs/Meteorite.prefab using Guid(d573d3f9b7a2fe44398f54ba1c59cedf) Importer(815301076,1909f56bfc062723c751e8b465ee728b)  -> (artifact id: 'ad4e754686678952a7dd2c43f6537c2d') in 0.021756 seconds
  Import took 0.025603 seconds .

========================================================================
Received Import Request.
  Time since last request: 1.982743 seconds.
  path: Assets/Prefabs/Meteorite.prefab
  artifactKey: Guid(d573d3f9b7a2fe44398f54ba1c59cedf) Importer(815301076,1909f56bfc062723c751e8b465ee728b)
Start importing Assets/Prefabs/Meteorite.prefab using Guid(d573d3f9b7a2fe44398f54ba1c59cedf) Importer(815301076,1909f56bfc062723c751e8b465ee728b)  -> (artifact id: '48ef22a9dc0d47e61a02aa2038cdf9d4') in 0.362677 seconds
  Import took 0.377652 seconds .

========================================================================
Received Import Request.
  Time since last request: 9.915813 seconds.
  path: Assets/Prefabs/Meteorite.prefab
  artifactKey: Guid(d573d3f9b7a2fe44398f54ba1c59cedf) Importer(815301076,1909f56bfc062723c751e8b465ee728b)
Start importing Assets/Prefabs/Meteorite.prefab using Guid(d573d3f9b7a2fe44398f54ba1c59cedf) Importer(815301076,1909f56bfc062723c751e8b465ee728b)  -> (artifact id: 'c17ed3672a55123fe2221e0ff4cdd823') in 0.022051 seconds
  Import took 0.025435 seconds .

========================================================================
Received Import Request.
  Time since last request: 1.070804 seconds.
  path: Assets/Prefabs/Meteorite.prefab
  artifactKey: Guid(d573d3f9b7a2fe44398f54ba1c59cedf) Importer(815301076,1909f56bfc062723c751e8b465ee728b)
Start importing Assets/Prefabs/Meteorite.prefab using Guid(d573d3f9b7a2fe44398f54ba1c59cedf) Importer(815301076,1909f56bfc062723c751e8b465ee728b)  -> (artifact id: '07e6aa4faaa8b3c172222e981eefa5ed') in 0.090144 seconds
  Import took 0.097180 seconds .

========================================================================
Received Import Request.
  Time since last request: 3.552640 seconds.
  path: Assets/Prefabs/Meteorite.prefab
  artifactKey: Guid(d573d3f9b7a2fe44398f54ba1c59cedf) Importer(815301076,1909f56bfc062723c751e8b465ee728b)
Start importing Assets/Prefabs/Meteorite.prefab using Guid(d573d3f9b7a2fe44398f54ba1c59cedf) Importer(815301076,1909f56bfc062723c751e8b465ee728b)  -> (artifact id: '59673bb0abf7556faf66bc3fefb225ea') in 0.128903 seconds
  Import took 0.135830 seconds .

========================================================================
Received Import Request.
  Time since last request: 5.454821 seconds.
  path: Assets/Prefabs/Meteorite.prefab
  artifactKey: Guid(d573d3f9b7a2fe44398f54ba1c59cedf) Importer(815301076,1909f56bfc062723c751e8b465ee728b)
Start importing Assets/Prefabs/Meteorite.prefab using Guid(d573d3f9b7a2fe44398f54ba1c59cedf) Importer(815301076,1909f56bfc062723c751e8b465ee728b)  -> (artifact id: '0d0cc9b77e4de8ced1bb8885b4764d20') in 0.022442 seconds
  Import took 0.025973 seconds .

========================================================================
Received Import Request.
  Time since last request: 4.087467 seconds.
  path: Assets/Prefabs/Meteorite.prefab
  artifactKey: Guid(d573d3f9b7a2fe44398f54ba1c59cedf) Importer(815301076,1909f56bfc062723c751e8b465ee728b)
Start importing Assets/Prefabs/Meteorite.prefab using Guid(d573d3f9b7a2fe44398f54ba1c59cedf) Importer(815301076,1909f56bfc062723c751e8b465ee728b)  -> (artifact id: '6924b85bec7353ee7e54b8fbdc942911') in 0.029333 seconds
  Import took 0.042557 seconds .

========================================================================
Received Prepare
Registering precompiled user dll's ...
Registered in 0.001103 seconds.
Begin MonoManager ReloadAssembly
Native extension for WindowsStandalone target not found
Refreshing native plugins compatible for Editor in 0.32 ms, found 1 plugins.
Preloading 0 native plugins for Editor in 0.00 ms.
Invoked RoslynAnalysisRunner static constructor.
RoslynAnalysisRunner will not be running.
RoslynAnalysisRunner has terminated.
Mono: successfully reloaded assembly
- Completed reload, in  1.438 seconds
Platform modules already initialized, skipping
Switching build target platform(5) subTarget(0) extendedPlatform(0) -> platform(13) subTarget(537395200) extendedPlatform(0)
Refreshing native plugins compatible for Editor in 0.32 ms, found 1 plugins.
Preloading 0 native plugins for Editor in 0.00 ms.
Unloading 1813 Unused Serialized files (Serialized files now loaded: 0)
System memory in use before: 88.1 MB.
System memory in use after: 88.1 MB.

Unloading 13 unused Assets to reduce memory usage. Loaded Objects now: 2269.
Total: 1.761000 ms (FindLiveObjects: 0.164700 ms CreateObjectMapping: 0.067500 ms MarkObjects: 1.428600 ms  DeleteObjects: 0.099300 ms)

AssetImportParameters requested are different than current active one (requested -> active):
  custom:graphics/normal-map-encoding: 01000000000000000000000000000000 -> 02000000000000000000000000000000
========================================================================
Received Import Request.
  Time since last request: 91.191847 seconds.
  path: Assets/Prefabs/Meteorite.prefab
  artifactKey: Guid(d573d3f9b7a2fe44398f54ba1c59cedf) Importer(815301076,1909f56bfc062723c751e8b465ee728b)
Start importing Assets/Prefabs/Meteorite.prefab using Guid(d573d3f9b7a2fe44398f54ba1c59cedf) Importer(815301076,1909f56bfc062723c751e8b465ee728b)  -> (artifact id: 'a3eda36aacd287edc0632e5d62bdd43f') in 0.118275 seconds
  Import took 0.121525 seconds .

========================================================================
Received Import Request.
  Time since last request: 2.155581 seconds.
  path: Assets/Prefabs/Meteorite.prefab
  artifactKey: Guid(d573d3f9b7a2fe44398f54ba1c59cedf) Importer(815301076,1909f56bfc062723c751e8b465ee728b)
Start importing Assets/Prefabs/Meteorite.prefab using Guid(d573d3f9b7a2fe44398f54ba1c59cedf) Importer(815301076,1909f56bfc062723c751e8b465ee728b)  -> (artifact id: '60389c5bfbf11cf1b09c9d11496feb19') in 0.051953 seconds
  Import took 0.060094 seconds .

========================================================================
Received Import Request.
  Time since last request: 1.879793 seconds.
  path: Assets/Prefabs/Meteorite.prefab
  artifactKey: Guid(d573d3f9b7a2fe44398f54ba1c59cedf) Importer(815301076,1909f56bfc062723c751e8b465ee728b)
Start importing Assets/Prefabs/Meteorite.prefab using Guid(d573d3f9b7a2fe44398f54ba1c59cedf) Importer(815301076,1909f56bfc062723c751e8b465ee728b)  -> (artifact id: 'd175fece4a40e5ef9035a548dc504a9d') in 0.047389 seconds
  Import took 0.052152 seconds .

========================================================================
Received Import Request.
  Time since last request: 2.371129 seconds.
  path: Assets/Prefabs/Meteorite.prefab
  artifactKey: Guid(d573d3f9b7a2fe44398f54ba1c59cedf) Importer(815301076,1909f56bfc062723c751e8b465ee728b)
Start importing Assets/Prefabs/Meteorite.prefab using Guid(d573d3f9b7a2fe44398f54ba1c59cedf) Importer(815301076,1909f56bfc062723c751e8b465ee728b)  -> (artifact id: 'a30260bb433719c75f431bdfc58359f1') in 0.037776 seconds
  Import took 0.045209 seconds .

========================================================================
Received Import Request.
  Time since last request: 4.022686 seconds.
  path: Assets/Prefabs/Meteorite.prefab
  artifactKey: Guid(d573d3f9b7a2fe44398f54ba1c59cedf) Importer(815301076,1909f56bfc062723c751e8b465ee728b)
Start importing Assets/Prefabs/Meteorite.prefab using Guid(d573d3f9b7a2fe44398f54ba1c59cedf) Importer(815301076,1909f56bfc062723c751e8b465ee728b)  -> (artifact id: '33c1e732c735c71af5f5aa1c4f0a8b45') in 0.023435 seconds
  Import took 0.027005 seconds .

========================================================================
Received Import Request.
  Time since last request: 4.035966 seconds.
  path: Assets/Prefabs/Meteorite.prefab
  artifactKey: Guid(d573d3f9b7a2fe44398f54ba1c59cedf) Importer(815301076,1909f56bfc062723c751e8b465ee728b)
Start importing Assets/Prefabs/Meteorite.prefab using Guid(d573d3f9b7a2fe44398f54ba1c59cedf) Importer(815301076,1909f56bfc062723c751e8b465ee728b)  -> (artifact id: 'fd5bbbac8cbe7e92946dd15db7872769') in 0.020074 seconds
  Import took 0.023578 seconds .

========================================================================
Received Import Request.
  Time since last request: 5.213484 seconds.
  path: Assets/Prefabs/Meteorite.prefab
  artifactKey: Guid(d573d3f9b7a2fe44398f54ba1c59cedf) Importer(815301076,1909f56bfc062723c751e8b465ee728b)
Start importing Assets/Prefabs/Meteorite.prefab using Guid(d573d3f9b7a2fe44398f54ba1c59cedf) Importer(815301076,1909f56bfc062723c751e8b465ee728b)  -> (artifact id: '9075f3a2f2b4ed9c7fcddd91da1f07b0') in 0.019371 seconds
  Import took 0.022650 seconds .

========================================================================
Received Import Request.
  Time since last request: 10.096666 seconds.
  path: Assets/Prefabs/Meteorite.prefab
  artifactKey: Guid(d573d3f9b7a2fe44398f54ba1c59cedf) Importer(815301076,1909f56bfc062723c751e8b465ee728b)
Start importing Assets/Prefabs/Meteorite.prefab using Guid(d573d3f9b7a2fe44398f54ba1c59cedf) Importer(815301076,1909f56bfc062723c751e8b465ee728b)  -> (artifact id: '6df8055c6b058888ca9cdf372f9643f3') in 0.020887 seconds
  Import took 0.024122 seconds .

========================================================================
Received Import Request.
  Time since last request: 7.846712 seconds.
  path: Assets/Prefabs/Meteorite.prefab
  artifactKey: Guid(d573d3f9b7a2fe44398f54ba1c59cedf) Importer(815301076,1909f56bfc062723c751e8b465ee728b)
Start importing Assets/Prefabs/Meteorite.prefab using Guid(d573d3f9b7a2fe44398f54ba1c59cedf) Importer(815301076,1909f56bfc062723c751e8b465ee728b)  -> (artifact id: 'cbdf27c42515c476239b5d07d2b6bad4') in 0.022178 seconds
  Import took 0.025947 seconds .

========================================================================
Received Import Request.
  Time since last request: 2.193865 seconds.
  path: Assets/Prefabs/Meteorite.prefab
  artifactKey: Guid(d573d3f9b7a2fe44398f54ba1c59cedf) Importer(815301076,1909f56bfc062723c751e8b465ee728b)
Start importing Assets/Prefabs/Meteorite.prefab using Guid(d573d3f9b7a2fe44398f54ba1c59cedf) Importer(815301076,1909f56bfc062723c751e8b465ee728b)  -> (artifact id: 'fc637718fdbd98df263becf1866f9f2e') in 0.028122 seconds
  Import took 0.032448 seconds .

========================================================================
Received Prepare
Registering precompiled user dll's ...
Registered in 0.000994 seconds.
Begin MonoManager ReloadAssembly
Native extension for WindowsStandalone target not found
Refreshing native plugins compatible for Editor in 0.32 ms, found 1 plugins.
Preloading 0 native plugins for Editor in 0.00 ms.
Invoked RoslynAnalysisRunner static constructor.
RoslynAnalysisRunner will not be running.
RoslynAnalysisRunner has terminated.
Mono: successfully reloaded assembly
- Completed reload, in  1.152 seconds
Platform modules already initialized, skipping
Switching build target platform(5) subTarget(0) extendedPlatform(0) -> platform(13) subTarget(537395200) extendedPlatform(0)
Refreshing native plugins compatible for Editor in 0.51 ms, found 1 plugins.
Preloading 0 native plugins for Editor in 0.00 ms.
Unloading 1813 Unused Serialized files (Serialized files now loaded: 0)
System memory in use before: 88.2 MB.
System memory in use after: 88.2 MB.

Unloading 13 unused Assets to reduce memory usage. Loaded Objects now: 2273.
Total: 2.114100 ms (FindLiveObjects: 0.175700 ms CreateObjectMapping: 0.071700 ms MarkObjects: 1.744100 ms  DeleteObjects: 0.121000 ms)

AssetImportParameters requested are different than current active one (requested -> active):
  custom:graphics/normal-map-encoding: 01000000000000000000000000000000 -> 02000000000000000000000000000000
========================================================================
Received Prepare
Registering precompiled user dll's ...
Registered in 0.001898 seconds.
Begin MonoManager ReloadAssembly
Native extension for WindowsStandalone target not found
Refreshing native plugins compatible for Editor in 0.33 ms, found 1 plugins.
Preloading 0 native plugins for Editor in 0.00 ms.
Invoked RoslynAnalysisRunner static constructor.
RoslynAnalysisRunner will not be running.
RoslynAnalysisRunner has terminated.
Mono: successfully reloaded assembly
- Completed reload, in  0.844 seconds
Platform modules already initialized, skipping
Switching build target platform(5) subTarget(0) extendedPlatform(0) -> platform(13) subTarget(537395200) extendedPlatform(0)
Refreshing native plugins compatible for Editor in 0.38 ms, found 1 plugins.
Preloading 0 native plugins for Editor in 0.00 ms.
Unloading 1813 Unused Serialized files (Serialized files now loaded: 0)
System memory in use before: 88.2 MB.
System memory in use after: 88.2 MB.

Unloading 12 unused Assets to reduce memory usage. Loaded Objects now: 2276.
Total: 1.946100 ms (FindLiveObjects: 0.216800 ms CreateObjectMapping: 0.066200 ms MarkObjects: 1.536400 ms  DeleteObjects: 0.125800 ms)

AssetImportParameters requested are different than current active one (requested -> active):
  custom:graphics/normal-map-encoding: 01000000000000000000000000000000 -> 02000000000000000000000000000000
========================================================================
Received Prepare
Registering precompiled user dll's ...
Registered in 0.001388 seconds.
Begin MonoManager ReloadAssembly
Native extension for WindowsStandalone target not found
Refreshing native plugins compatible for Editor in 0.60 ms, found 1 plugins.
Preloading 0 native plugins for Editor in 0.00 ms.
Invoked RoslynAnalysisRunner static constructor.
RoslynAnalysisRunner will not be running.
RoslynAnalysisRunner has terminated.
Mono: successfully reloaded assembly
- Completed reload, in  1.011 seconds
Platform modules already initialized, skipping
Switching build target platform(5) subTarget(0) extendedPlatform(0) -> platform(13) subTarget(537395200) extendedPlatform(0)
Refreshing native plugins compatible for Editor in 0.31 ms, found 1 plugins.
Preloading 0 native plugins for Editor in 0.00 ms.
Unloading 1813 Unused Serialized files (Serialized files now loaded: 0)
System memory in use before: 88.2 MB.
System memory in use after: 88.2 MB.

Unloading 12 unused Assets to reduce memory usage. Loaded Objects now: 2279.
Total: 1.986500 ms (FindLiveObjects: 0.243000 ms CreateObjectMapping: 0.057100 ms MarkObjects: 1.533000 ms  DeleteObjects: 0.137600 ms)

AssetImportParameters requested are different than current active one (requested -> active):
  custom:graphics/normal-map-encoding: 01000000000000000000000000000000 -> 02000000000000000000000000000000
========================================================================
Received Prepare
Registering precompiled user dll's ...
Registered in 0.001715 seconds.
Begin MonoManager ReloadAssembly
Native extension for WindowsStandalone target not found
Refreshing native plugins compatible for Editor in 0.36 ms, found 1 plugins.
Preloading 0 native plugins for Editor in 0.00 ms.
Invoked RoslynAnalysisRunner static constructor.
RoslynAnalysisRunner will not be running.
RoslynAnalysisRunner has terminated.
Mono: successfully reloaded assembly
- Completed reload, in  1.942 seconds
Platform modules already initialized, skipping
Switching build target platform(5) subTarget(0) extendedPlatform(0) -> platform(13) subTarget(537395200) extendedPlatform(0)
Refreshing native plugins compatible for Editor in 0.36 ms, found 1 plugins.
Preloading 0 native plugins for Editor in 0.00 ms.
Unloading 1813 Unused Serialized files (Serialized files now loaded: 0)
System memory in use before: 88.2 MB.
System memory in use after: 88.2 MB.

Unloading 12 unused Assets to reduce memory usage. Loaded Objects now: 2282.
Total: 2.074500 ms (FindLiveObjects: 0.312700 ms CreateObjectMapping: 0.110000 ms MarkObjects: 1.552000 ms  DeleteObjects: 0.098600 ms)

AssetImportParameters requested are different than current active one (requested -> active):
  custom:graphics/normal-map-encoding: 01000000000000000000000000000000 -> 02000000000000000000000000000000
========================================================================
Received Prepare
Registering precompiled user dll's ...
Registered in 0.001017 seconds.
Begin MonoManager ReloadAssembly
Native extension for WindowsStandalone target not found
Refreshing native plugins compatible for Editor in 0.32 ms, found 1 plugins.
Preloading 0 native plugins for Editor in 0.00 ms.
Invoked RoslynAnalysisRunner static constructor.
RoslynAnalysisRunner will not be running.
RoslynAnalysisRunner has terminated.
Mono: successfully reloaded assembly
- Completed reload, in  1.013 seconds
Platform modules already initialized, skipping
Switching build target platform(5) subTarget(0) extendedPlatform(0) -> platform(13) subTarget(537395200) extendedPlatform(0)
Refreshing native plugins compatible for Editor in 0.31 ms, found 1 plugins.
Preloading 0 native plugins for Editor in 0.00 ms.
Unloading 1813 Unused Serialized files (Serialized files now loaded: 0)
System memory in use before: 88.2 MB.
System memory in use after: 88.2 MB.

Unloading 12 unused Assets to reduce memory usage. Loaded Objects now: 2285.
Total: 2.218100 ms (FindLiveObjects: 0.224500 ms CreateObjectMapping: 0.063400 ms MarkObjects: 1.703300 ms  DeleteObjects: 0.225800 ms)

AssetImportParameters requested are different than current active one (requested -> active):
  custom:graphics/normal-map-encoding: 01000000000000000000000000000000 -> 02000000000000000000000000000000
========================================================================
Received Prepare
Registering precompiled user dll's ...
Registered in 0.001006 seconds.
Begin MonoManager ReloadAssembly
Native extension for WindowsStandalone target not found
Refreshing native plugins compatible for Editor in 0.35 ms, found 1 plugins.
Preloading 0 native plugins for Editor in 0.00 ms.
Invoked RoslynAnalysisRunner static constructor.
RoslynAnalysisRunner will not be running.
RoslynAnalysisRunner has terminated.
Mono: successfully reloaded assembly
- Completed reload, in  1.038 seconds
Platform modules already initialized, skipping
Switching build target platform(5) subTarget(0) extendedPlatform(0) -> platform(13) subTarget(537395200) extendedPlatform(0)
Refreshing native plugins compatible for Editor in 0.33 ms, found 1 plugins.
Preloading 0 native plugins for Editor in 0.00 ms.
Unloading 1813 Unused Serialized files (Serialized files now loaded: 0)
System memory in use before: 88.2 MB.
System memory in use after: 88.2 MB.

Unloading 12 unused Assets to reduce memory usage. Loaded Objects now: 2288.
Total: 2.501000 ms (FindLiveObjects: 0.205100 ms CreateObjectMapping: 0.073800 ms MarkObjects: 2.084900 ms  DeleteObjects: 0.136300 ms)

AssetImportParameters requested are different than current active one (requested -> active):
  custom:graphics/normal-map-encoding: 01000000000000000000000000000000 -> 02000000000000000000000000000000
========================================================================
Received Prepare
Registering precompiled user dll's ...
Registered in 0.001544 seconds.
Begin MonoManager ReloadAssembly
Native extension for WindowsStandalone target not found
Refreshing native plugins compatible for Editor in 0.35 ms, found 1 plugins.
Preloading 0 native plugins for Editor in 0.00 ms.
Invoked RoslynAnalysisRunner static constructor.
RoslynAnalysisRunner will not be running.
RoslynAnalysisRunner has terminated.
Mono: successfully reloaded assembly
- Completed reload, in  1.865 seconds
Platform modules already initialized, skipping
Switching build target platform(5) subTarget(0) extendedPlatform(0) -> platform(13) subTarget(537395200) extendedPlatform(0)
Refreshing native plugins compatible for Editor in 0.37 ms, found 1 plugins.
Preloading 0 native plugins for Editor in 0.00 ms.
Unloading 1813 Unused Serialized files (Serialized files now loaded: 0)
System memory in use before: 88.2 MB.
System memory in use after: 88.2 MB.

Unloading 12 unused Assets to reduce memory usage. Loaded Objects now: 2291.
Total: 2.411300 ms (FindLiveObjects: 0.201800 ms CreateObjectMapping: 0.067500 ms MarkObjects: 2.038000 ms  DeleteObjects: 0.102400 ms)

AssetImportParameters requested are different than current active one (requested -> active):
  custom:graphics/normal-map-encoding: 01000000000000000000000000000000 -> 02000000000000000000000000000000
========================================================================
Received Prepare
Registering precompiled user dll's ...
Registered in 0.001309 seconds.
Begin MonoManager ReloadAssembly
Native extension for WindowsStandalone target not found
Refreshing native plugins compatible for Editor in 0.34 ms, found 1 plugins.
Preloading 0 native plugins for Editor in 0.00 ms.
Invoked RoslynAnalysisRunner static constructor.
RoslynAnalysisRunner will not be running.
RoslynAnalysisRunner has terminated.
Mono: successfully reloaded assembly
- Completed reload, in  1.625 seconds
Platform modules already initialized, skipping
Switching build target platform(5) subTarget(0) extendedPlatform(0) -> platform(13) subTarget(537395200) extendedPlatform(0)
Refreshing native plugins compatible for Editor in 0.35 ms, found 1 plugins.
Preloading 0 native plugins for Editor in 0.00 ms.
Unloading 1813 Unused Serialized files (Serialized files now loaded: 0)
System memory in use before: 88.2 MB.
System memory in use after: 88.2 MB.

Unloading 12 unused Assets to reduce memory usage. Loaded Objects now: 2294.
Total: 2.282200 ms (FindLiveObjects: 0.196100 ms CreateObjectMapping: 0.084900 ms MarkObjects: 1.866100 ms  DeleteObjects: 0.133500 ms)

AssetImportParameters requested are different than current active one (requested -> active):
  custom:graphics/normal-map-encoding: 01000000000000000000000000000000 -> 02000000000000000000000000000000
========================================================================
Received Prepare
Registering precompiled user dll's ...
Registered in 0.000988 seconds.
Begin MonoManager ReloadAssembly
Native extension for WindowsStandalone target not found
Refreshing native plugins compatible for Editor in 0.32 ms, found 1 plugins.
Preloading 0 native plugins for Editor in 0.00 ms.
Invoked RoslynAnalysisRunner static constructor.
RoslynAnalysisRunner will not be running.
RoslynAnalysisRunner has terminated.
Mono: successfully reloaded assembly
- Completed reload, in  1.030 seconds
Platform modules already initialized, skipping
Switching build target platform(5) subTarget(0) extendedPlatform(0) -> platform(13) subTarget(537395200) extendedPlatform(0)
Refreshing native plugins compatible for Editor in 0.31 ms, found 1 plugins.
Preloading 0 native plugins for Editor in 0.00 ms.
Unloading 1813 Unused Serialized files (Serialized files now loaded: 0)
System memory in use before: 88.3 MB.
System memory in use after: 88.2 MB.

Unloading 12 unused Assets to reduce memory usage. Loaded Objects now: 2297.
Total: 2.065400 ms (FindLiveObjects: 0.216300 ms CreateObjectMapping: 0.059000 ms MarkObjects: 1.651600 ms  DeleteObjects: 0.137800 ms)

AssetImportParameters requested are different than current active one (requested -> active):
  custom:graphics/normal-map-encoding: 01000000000000000000000000000000 -> 02000000000000000000000000000000
========================================================================
Received Prepare
Refreshing native plugins compatible for Editor in 1.67 ms, found 1 plugins.
Preloading 0 native plugins for Editor in 0.00 ms.
Unloading 10 Unused Serialized files (Serialized files now loaded: 0)
System memory in use before: 52.8 MB.
System memory in use after: 52.8 MB.

Unloading 10 unused Assets to reduce memory usage. Loaded Objects now: 2297.
Total: 2.202400 ms (FindLiveObjects: 0.181100 ms CreateObjectMapping: 0.073200 ms MarkObjects: 1.806700 ms  DeleteObjects: 0.139900 ms)

AssetImportWorkerClient::OnTransportError - code=2 error=End of file
